2021-01-31 19:04:37.429 [main] INFO  com.course.Application - Starting Application using Java 1.8.0_201 on ThinkPad-PC with PID 13744 (D:\Program Files\Git\workspace\muke\AutoTest\Chapter13\target\classes started by ThinkPad in D:\Program Files\Git\workspace\muke\AutoTest)
2021-01-31 19:04:37.449 [main] INFO  com.course.Application - No active profile set, falling back to default profiles: default
2021-01-31 19:04:42.172 [main] WARN  org.mybatis.spring.mapper.ClassPathMapperScanner - No MyBatis mapper was found in '[com.course]' package. Please check your configuration.
2021-01-31 19:04:43.797 [main] INFO  org.springframework.boot.web.embedded.tomcat.TomcatWebServer - Tomcat initialized with port(s): 8888 (http)
2021-01-31 19:04:43.842 [main] INFO  org.apache.catalina.core.StandardService - Starting service [Tomcat]
2021-01-31 19:04:43.844 [main] INFO  org.apache.catalina.core.StandardEngine - Starting Servlet engine: [Apache Tomcat/9.0.41]
2021-01-31 19:04:44.377 [main] INFO  org.apache.catalina.core.ContainerBase.[Tomcat].[localhost].[/] - Initializing Spring embedded WebApplicationContext
2021-01-31 19:04:44.378 [main] INFO  org.springframework.boot.web.servlet.context.ServletWebServerApplicationContext - Root WebApplicationContext: initialization completed in 6639 ms
2021-01-31 19:04:47.199 [main] INFO  org.springframework.scheduling.concurrent.ThreadPoolTaskExecutor - Initializing ExecutorService 'applicationTaskExecutor'
2021-01-31 19:04:47.812 [main] INFO  org.springframework.scheduling.concurrent.ThreadPoolTaskScheduler - Initializing ExecutorService 'taskScheduler'
2021-01-31 19:04:47.992 [main] INFO  org.springframework.boot.web.embedded.tomcat.TomcatWebServer - Tomcat started on port(s): 8888 (http) with context path ''
2021-01-31 19:04:49.048 [main] INFO  com.course.Application - Started Application in 16.847 seconds (JVM running for 24.905)
2021-01-31 19:06:25.262 [http-nio-8888-exec-1] INFO  org.apache.catalina.core.ContainerBase.[Tomcat].[localhost].[/] - Initializing Spring DispatcherServlet 'dispatcherServlet'
2021-01-31 19:06:25.328 [http-nio-8888-exec-1] INFO  org.springframework.web.servlet.DispatcherServlet - Initializing Servlet 'dispatcherServlet'
2021-01-31 19:06:25.380 [http-nio-8888-exec-1] INFO  org.springframework.web.servlet.DispatcherServlet - Completed initialization in 13 ms
2021-01-31 19:06:26.247 [http-nio-8888-exec-1] INFO  com.zaxxer.hikari.HikariDataSource - HikariPool-1 - Starting...
2021-01-31 19:06:32.386 [http-nio-8888-exec-1] INFO  com.zaxxer.hikari.HikariDataSource - HikariPool-1 - Start completed.
2021-01-31 19:06:32.636 [http-nio-8888-exec-1] INFO  com.course.controller.UserManager - 查询到的结果是：1
2021-01-31 19:06:32.639 [http-nio-8888-exec-1] INFO  com.course.controller.UserManager - 登陆的用户是：zhangsan
2021-01-31 19:06:33.628 [http-nio-8888-exec-2] INFO  com.course.controller.UserManager - 查询到的结果是：0
2021-01-31 19:06:34.237 [http-nio-8888-exec-3] INFO  com.course.controller.UserManager - cookies验证通过。
2021-01-31 19:06:34.361 [http-nio-8888-exec-3] INFO  com.course.controller.UserManager - 添加用户的数量是：1
2021-01-31 19:06:34.957 [http-nio-8888-exec-4] INFO  com.course.controller.UserManager - cookies验证通过。
2021-01-31 19:06:35.092 [http-nio-8888-exec-4] INFO  com.course.controller.UserManager - getUserInfo获取到的用户数量是：1
2021-01-31 19:06:35.458 [http-nio-8888-exec-5] INFO  com.course.controller.UserManager - cookies验证通过。
2021-01-31 19:06:35.472 [http-nio-8888-exec-5] INFO  com.course.controller.UserManager - getUserInfo获取到的用户数量是：5
2021-01-31 19:06:36.242 [http-nio-8888-exec-6] INFO  com.course.controller.UserManager - cookies验证通过。
2021-01-31 19:06:36.295 [http-nio-8888-exec-6] INFO  com.course.controller.UserManager - 更新数据的条目数为：1
2021-01-31 19:06:37.458 [http-nio-8888-exec-7] INFO  com.course.controller.UserManager - cookies验证通过。
2021-01-31 19:06:37.557 [http-nio-8888-exec-7] INFO  com.course.controller.UserManager - 更新数据的条目数为：1
